<?xml version="1.0" encoding="UTF-8"?>
<!-- Generated by org.testng.reporters.JUnitReportReporter -->
<testsuite skipped="0" hostname="DESKTOP-5P74EC3" name="testCases.TestHome" tests="6" failures="0" timestamp="2020-10-28T17:33:12 IST" time="438.663" errors="0">
  <testcase name="testOne" time="84.190" classname="testCases.TestHome"/>
  <system-out/>
  <testcase name="testOne" time="81.667" classname="testCases.TestHome"/>
  <system-out/>
  <testcase name="testOne" time="75.528" classname="testCases.TestHome"/>
  <system-out/>
  <testcase name="testTwo" time="68.028" classname="testCases.TestHome"/>
  <system-out/>
  <testcase name="testTwo" time="53.733" classname="testCases.TestHome"/>
  <system-out/>
  <testcase name="testTwo" time="75.517" classname="testCases.TestHome"/>
  <system-out/>
</testsuite> <!-- testCases.TestHome -->
