<?xml version="1.0" encoding="UTF-8"?>
<!-- Generated by org.testng.reporters.JUnitReportReporter -->
<testsuite skipped="0" hostname="DESKTOP-5P74EC3" name="testCases.TestCar" tests="6" failures="0" timestamp="2020-10-28T17:33:12 IST" time="414.809" errors="0">
  <testcase name="TestOne" time="73.398" classname="testCases.TestCar"/>
  <system-out/>
  <testcase name="TestOne" time="67.328" classname="testCases.TestCar"/>
  <system-out/>
  <testcase name="TestOne" time="65.490" classname="testCases.TestCar"/>
  <system-out/>
  <testcase name="TestTwo" time="86.186" classname="testCases.TestCar"/>
  <system-out/>
  <testcase name="TestTwo" time="68.188" classname="testCases.TestCar"/>
  <system-out/>
  <testcase name="TestTwo" time="54.219" classname="testCases.TestCar"/>
  <system-out/>
</testsuite> <!-- testCases.TestCar -->
